* using log directory ‘/Users/kazuyaaoki/Desktop/programming/science/RStudio/basicStatics.Rcheck’
* using R version 4.2.1 (2022-06-23)
* using platform: x86_64-apple-darwin17.0 (64-bit)
* using session charset: UTF-8
* checking for file ‘basicStatics/DESCRIPTION’ ... OK
* checking extension type ... Package
* this is package ‘basicStatics’ version ‘0.1.0’
* package encoding: UTF-8
* checking package namespace information ... OK
* checking package dependencies ... OK
* checking if this is a source package ... OK
* checking if there is a namespace ... OK
* checking for executable files ... OK
* checking for hidden files and directories ... OK
* checking for portable file names ... WARNING
Found the following files with non-portable file names:
  R/csv/Life Table.csv
  R/csv/Not Available.csv
  R/csv/Not Available2.csv
  R/csv/blood pressure.csv
  R/csv/statistics test.csv
These are not fully portable file names.
See section ‘Package structure’ in the ‘Writing R Extensions’ manual.
* checking for sufficient/correct file permissions ... OK
* checking whether package ‘basicStatics’ can be installed ... ERROR
Installation failed.
See ‘/Users/kazuyaaoki/Desktop/programming/science/RStudio/basicStatics.Rcheck/00install.out’ for details.
* DONE
Status: 1 ERROR, 1 WARNING
